[13:43:10] [main/INFO]: Loading Minecraft 1.21.1 with Fabric Loader 0.16.3
[13:43:10] [main/INFO]: Loading 4 mods:
	- fabricloader 0.16.3
	   \-- mixinextras 0.4.1
	- java 21
	- minecraft 1.21.1
[13:43:10] [main/INFO]: SpongePowered MIXIN Subsystem Version=0.8.7 Source=file:/workspaces/Minecraft-Server/servidor_minecraft/libraries/net/fabricmc/sponge-mixin/0.15.2+mixin.0.8.7/sponge-mixin-0.15.2+mixin.0.8.7.jar Service=Knot/Fabric Env=SERVER
[13:43:17] [main/INFO]: Environment: Environment[sessionHost=https://sessionserver.mojang.com, servicesHost=https://api.minecraftservices.com, name=PROD]
[13:43:17] [main/INFO]: No existing world data, creating new world
[13:43:18] [main/INFO]: Loaded 1290 recipes
[13:43:18] [main/INFO]: Loaded 1399 advancements
[13:43:19] [Server thread/INFO]: Starting minecraft server version 1.21.1
[13:43:19] [Server thread/INFO]: Loading properties
[13:43:19] [Server thread/INFO]: Default game type: SURVIVAL
[13:43:19] [Server thread/INFO]: Generating keypair
[13:43:19] [Server thread/INFO]: Starting Minecraft server on *:25565
[13:43:19] [Server thread/INFO]: Using epoll channel type
[13:43:19] [Server thread/WARN]: **** SERVER IS RUNNING IN OFFLINE/INSECURE MODE!
[13:43:19] [Server thread/WARN]: The server will make no attempt to authenticate usernames. Beware.
[13:43:19] [Server thread/WARN]: While this makes the game possible to play without internet access, it also opens up the ability for hackers to connect with any username they choose.
[13:43:19] [Server thread/WARN]: To change this, set "online-mode" to "true" in the server.properties file.
[13:43:19] [Server thread/INFO]: Preparing level "world"
[13:43:28] [Server thread/INFO]: Preparing start region for dimension minecraft:overworld
[13:43:28] [Worker-Main-3/INFO]: Preparing spawn area: 2%
[13:43:29] [Worker-Main-1/INFO]: Preparing spawn area: 2%
[13:43:29] [Worker-Main-3/INFO]: Preparing spawn area: 2%
[13:43:30] [Worker-Main-3/INFO]: Preparing spawn area: 2%
[13:43:30] [Worker-Main-3/INFO]: Preparing spawn area: 18%
[13:43:31] [Worker-Main-1/INFO]: Preparing spawn area: 18%
[13:43:31] [Worker-Main-3/INFO]: Preparing spawn area: 18%
[13:43:32] [Worker-Main-1/INFO]: Preparing spawn area: 51%
[13:43:32] [Worker-Main-1/INFO]: Preparing spawn area: 51%
[13:43:33] [Worker-Main-3/INFO]: Preparing spawn area: 51%
[13:43:33] [Server thread/INFO]: Time elapsed: 4997 ms
[13:43:33] [Server thread/INFO]: Done (14.013s)! For help, type "help"
[13:52:44] [Server thread/INFO]: Mayonesa_72[/127.216.248.124:56187] logged in with entity id 33 at (-69.5, 63.0, 85.5)
[13:52:44] [Server thread/INFO]: Mayonesa_72 joined the game
[13:55:44] [Server thread/INFO]: Mayonesa_72 lost connection: Disconnected
[13:55:44] [Server thread/INFO]: Mayonesa_72 left the game
[13:59:25] [Server thread/INFO]: Mayonesa_72[/127.216.248.124:46203] logged in with entity id 742 at (-78.40660048830036, 64.0, 101.33296007240747)
[13:59:25] [Server thread/INFO]: Mayonesa_72 joined the game
[14:00:21] [Server thread/INFO]: Unknown or incomplete command, see below for error
[14:00:21] [Server thread/INFO]: <--[HERE]
[14:00:21] [Server thread/INFO]: Unknown or incomplete command, see below for error
[14:00:21] [Server thread/INFO]: <--[HERE]
[14:00:23] [Server thread/INFO]: Unknown or incomplete command, see below for error
[14:00:23] [Server thread/INFO]: main<--[HERE]
[14:00:29] [Server thread/INFO]: Unknown or incomplete command, see below for error
[14:00:29] [Server thread/INFO]: op<--[HERE]
[14:00:35] [Server thread/INFO]: Mayonesa_72 was shot by Stray
[14:01:48] [Server thread/INFO]: Unknown or incomplete command, see below for error
[14:01:48] [Server thread/INFO]: shutdown<--[HERE]
[14:01:51] [Server thread/INFO]: Unknown or incomplete command, see below for error
[14:01:51] [Server thread/INFO]: hellp<--[HERE]
[14:01:53] [Server thread/INFO]: /advancement (grant|revoke)
[14:01:53] [Server thread/INFO]: /attribute <target> <attribute> (get|base|modifier)
[14:01:53] [Server thread/INFO]: /execute (run|if|unless|as|at|store|positioned|rotated|facing|align|anchored|in|summon|on)
[14:01:53] [Server thread/INFO]: /bossbar (add|remove|list|set|get)
[14:01:53] [Server thread/INFO]: /clear [<targets>]
[14:01:53] [Server thread/INFO]: /clone (<begin>|from)
[14:01:53] [Server thread/INFO]: /damage <target> <amount> [<damageType>]
[14:01:53] [Server thread/INFO]: /data (merge|get|remove|modify)
[14:01:53] [Server thread/INFO]: /datapack (enable|disable|list)
[14:01:53] [Server thread/INFO]: /debug (start|stop|function)
[14:01:53] [Server thread/INFO]: /defaultgamemode <gamemode>
[14:01:53] [Server thread/INFO]: /difficulty [peaceful|easy|normal|hard]
[14:01:53] [Server thread/INFO]: /effect (clear|give)
[14:01:53] [Server thread/INFO]: /me <action>
[14:01:53] [Server thread/INFO]: /enchant <targets> <enchantment> [<level>]
[14:01:53] [Server thread/INFO]: /experience (add|set|query)
[14:01:53] [Server thread/INFO]: /xp -> experience
[14:01:53] [Server thread/INFO]: /fill <from> <to> <block> [replace|keep|outline|hollow|destroy]
[14:01:53] [Server thread/INFO]: /fillbiome <from> <to> <biome> [replace]
[14:01:53] [Server thread/INFO]: /forceload (add|remove|query)
[14:01:53] [Server thread/INFO]: /function <name> [<arguments>|with]
[14:01:53] [Server thread/INFO]: /gamemode <gamemode> [<target>]
[14:01:53] [Server thread/INFO]: /gamerule (announceAdvancements|blockExplosionDropDecay|commandBlockOutput|commandModificationBlockLimit|disableElytraMovementCheck|disableRaids|doDaylightCycle|doEntityDrops|doFireTick|doImmediateRespawn|doInsomnia|doLimitedCrafting|doMobLoot|doMobSpawning|doPatrolSpawning|doTileDrops|doTraderSpawning|doVinesSpread|doWardenSpawning|doWeatherCycle|drowningDamage|enderPearlsVanishOnDeath|fallDamage|fireDamage|forgiveDeadPlayers|freezeDamage|globalSoundEvents|keepInventory|lavaSourceConversion|logAdminCommands|maxCommandChainLength|maxCommandForkCount|maxEntityCramming|mobExplosionDropDecay|mobGriefing|naturalRegeneration|playersNetherPortalCreativeDelay|playersNetherPortalDefaultDelay|playersSleepingPercentage|projectilesCanBreakBlocks|randomTickSpeed|reducedDebugInfo|sendCommandFeedback|showDeathMessages|snowAccumulationHeight|spawnChunkRadius|spawnRadius|spectatorsGenerateChunks|tntExplosionDropDecay|universalAnger|waterSourceConversion)
[14:01:53] [Server thread/INFO]: /give <targets> <item> [<count>]
[14:01:53] [Server thread/INFO]: /help [<command>]
[14:01:53] [Server thread/INFO]: /item (replace|modify)
[14:01:53] [Server thread/INFO]: /kick <targets> [<reason>]
[14:01:53] [Server thread/INFO]: /kill [<targets>]
[14:01:53] [Server thread/INFO]: /list [uuids]
[14:01:53] [Server thread/INFO]: /locate (structure|biome|poi)
[14:01:53] [Server thread/INFO]: /loot (replace|insert|give|spawn)
[14:01:53] [Server thread/INFO]: /msg <targets> <message>
[14:01:53] [Server thread/INFO]: /tell -> msg
[14:01:53] [Server thread/INFO]: /w -> msg
[14:01:53] [Server thread/INFO]: /particle <name> [<pos>]
[14:01:53] [Server thread/INFO]: /place (feature|jigsaw|structure|template)
[14:01:53] [Server thread/INFO]: /playsound <sound> [master|music|record|weather|block|hostile|neutral|player|ambient|voice]
[14:01:53] [Server thread/INFO]: /random (value|roll|reset)
[14:01:53] [Server thread/INFO]: /reload
[14:01:53] [Server thread/INFO]: /recipe (give|take)
[14:01:53] [Server thread/INFO]: /return (<value>|fail|run)
[14:01:53] [Server thread/INFO]: /ride <target> (mount|dismount)
[14:01:53] [Server thread/INFO]: /say <message>
[14:01:53] [Server thread/INFO]: /schedule (function|clear)
[14:01:53] [Server thread/INFO]: /scoreboard (objectives|players)
[14:01:53] [Server thread/INFO]: /seed
[14:01:53] [Server thread/INFO]: /setblock <pos> <block> [destroy|keep|replace]
[14:01:53] [Server thread/INFO]: /spawnpoint [<targets>]
[14:01:53] [Server thread/INFO]: /setworldspawn [<pos>]
[14:01:53] [Server thread/INFO]: /spectate [<target>]
[14:01:53] [Server thread/INFO]: /spreadplayers <center> <spreadDistance> <maxRange> (<respectTeams>|under)
[14:01:53] [Server thread/INFO]: /stopsound <targets> [*|master|music|record|weather|block|hostile|neutral|player|ambient|voice]
[14:01:53] [Server thread/INFO]: /summon <entity> [<pos>]
[14:01:53] [Server thread/INFO]: /tag <targets> (add|remove|list)
[14:01:53] [Server thread/INFO]: /team (list|add|remove|empty|join|leave|modify)
[14:01:53] [Server thread/INFO]: /teammsg <message>
[14:01:53] [Server thread/INFO]: /tm -> teammsg
[14:01:53] [Server thread/INFO]: /teleport (<location>|<destination>|<targets>)
[14:01:53] [Server thread/INFO]: /tp -> teleport
[14:01:53] [Server thread/INFO]: /tellraw <targets> <message>
[14:01:53] [Server thread/INFO]: /tick (query|rate|step|sprint|unfreeze|freeze)
[14:01:53] [Server thread/INFO]: /time (set|add|query)
[14:01:53] [Server thread/INFO]: /title <targets> (clear|reset|title|subtitle|actionbar|times)
[14:01:53] [Server thread/INFO]: /trigger <objective> [add|set]
[14:01:53] [Server thread/INFO]: /weather (clear|rain|thunder)
[14:01:53] [Server thread/INFO]: /worldborder (add|set|center|damage|get|warning)
[14:01:53] [Server thread/INFO]: /jfr (start|stop)
[14:01:53] [Server thread/INFO]: /ban-ip <target> [<reason>]
[14:01:53] [Server thread/INFO]: /banlist [ips|players]
[14:01:53] [Server thread/INFO]: /ban <targets> [<reason>]
[14:01:53] [Server thread/INFO]: /deop <targets>
[14:01:53] [Server thread/INFO]: /op <targets>
[14:01:53] [Server thread/INFO]: /pardon <targets>
[14:01:53] [Server thread/INFO]: /pardon-ip <target>
[14:01:53] [Server thread/INFO]: /perf (start|stop)
[14:01:53] [Server thread/INFO]: /save-all [flush]
[14:01:53] [Server thread/INFO]: /save-off
[14:01:53] [Server thread/INFO]: /save-on
[14:01:53] [Server thread/INFO]: /setidletimeout <minutes>
[14:01:53] [Server thread/INFO]: /stop
[14:01:53] [Server thread/INFO]: /transfer <hostname> [<port>]
[14:01:53] [Server thread/INFO]: /whitelist (on|off|list|add|remove|reload)
[14:02:06] [Server thread/INFO]: Made Mayonesa_72 a server operator
[14:02:24] [Server thread/INFO]: Set Mayonesa_72's game mode to Creative Mode
[14:02:28] [Server thread/INFO]: /advancement (grant|revoke)
[14:02:28] [Server thread/INFO]: /attribute <target> <attribute> (get|base|modifier)
[14:02:28] [Server thread/INFO]: /execute (run|if|unless|as|at|store|positioned|rotated|facing|align|anchored|in|summon|on)
[14:02:28] [Server thread/INFO]: /bossbar (add|remove|list|set|get)
[14:02:28] [Server thread/INFO]: /clear [<targets>]
[14:02:28] [Server thread/INFO]: /clone (<begin>|from)
[14:02:28] [Server thread/INFO]: /damage <target> <amount> [<damageType>]
[14:02:28] [Server thread/INFO]: /data (merge|get|remove|modify)
[14:02:28] [Server thread/INFO]: /datapack (enable|disable|list)
[14:02:28] [Server thread/INFO]: /debug (start|stop|function)
[14:02:28] [Server thread/INFO]: /defaultgamemode <gamemode>
[14:02:28] [Server thread/INFO]: /difficulty [peaceful|easy|normal|hard]
[14:02:28] [Server thread/INFO]: /effect (clear|give)
[14:02:28] [Server thread/INFO]: /me <action>
[14:02:28] [Server thread/INFO]: /enchant <targets> <enchantment> [<level>]
[14:02:28] [Server thread/INFO]: /experience (add|set|query)
[14:02:28] [Server thread/INFO]: /xp -> experience
[14:02:28] [Server thread/INFO]: /fill <from> <to> <block> [replace|keep|outline|hollow|destroy]
[14:02:28] [Server thread/INFO]: /fillbiome <from> <to> <biome> [replace]
[14:02:28] [Server thread/INFO]: /forceload (add|remove|query)
[14:02:28] [Server thread/INFO]: /function <name> [<arguments>|with]
[14:02:28] [Server thread/INFO]: /gamemode <gamemode> [<target>]
[14:02:28] [Server thread/INFO]: /gamerule (announceAdvancements|blockExplosionDropDecay|commandBlockOutput|commandModificationBlockLimit|disableElytraMovementCheck|disableRaids|doDaylightCycle|doEntityDrops|doFireTick|doImmediateRespawn|doInsomnia|doLimitedCrafting|doMobLoot|doMobSpawning|doPatrolSpawning|doTileDrops|doTraderSpawning|doVinesSpread|doWardenSpawning|doWeatherCycle|drowningDamage|enderPearlsVanishOnDeath|fallDamage|fireDamage|forgiveDeadPlayers|freezeDamage|globalSoundEvents|keepInventory|lavaSourceConversion|logAdminCommands|maxCommandChainLength|maxCommandForkCount|maxEntityCramming|mobExplosionDropDecay|mobGriefing|naturalRegeneration|playersNetherPortalCreativeDelay|playersNetherPortalDefaultDelay|playersSleepingPercentage|projectilesCanBreakBlocks|randomTickSpeed|reducedDebugInfo|sendCommandFeedback|showDeathMessages|snowAccumulationHeight|spawnChunkRadius|spawnRadius|spectatorsGenerateChunks|tntExplosionDropDecay|universalAnger|waterSourceConversion)
[14:02:28] [Server thread/INFO]: /give <targets> <item> [<count>]
[14:02:28] [Server thread/INFO]: /help [<command>]
[14:02:28] [Server thread/INFO]: /item (replace|modify)
[14:02:28] [Server thread/INFO]: /kick <targets> [<reason>]
[14:02:28] [Server thread/INFO]: /kill [<targets>]
[14:02:28] [Server thread/INFO]: /list [uuids]
[14:02:28] [Server thread/INFO]: /locate (structure|biome|poi)
[14:02:28] [Server thread/INFO]: /loot (replace|insert|give|spawn)
[14:02:28] [Server thread/INFO]: /msg <targets> <message>
[14:02:28] [Server thread/INFO]: /tell -> msg
[14:02:28] [Server thread/INFO]: /w -> msg
[14:02:28] [Server thread/INFO]: /particle <name> [<pos>]
[14:02:28] [Server thread/INFO]: /place (feature|jigsaw|structure|template)
[14:02:28] [Server thread/INFO]: /playsound <sound> [master|music|record|weather|block|hostile|neutral|player|ambient|voice]
[14:02:28] [Server thread/INFO]: /random (value|roll|reset)
[14:02:28] [Server thread/INFO]: /reload
[14:02:28] [Server thread/INFO]: /recipe (give|take)
[14:02:28] [Server thread/INFO]: /return (<value>|fail|run)
[14:02:28] [Server thread/INFO]: /ride <target> (mount|dismount)
[14:02:28] [Server thread/INFO]: /say <message>
[14:02:28] [Server thread/INFO]: /schedule (function|clear)
[14:02:28] [Server thread/INFO]: /scoreboard (objectives|players)
[14:02:28] [Server thread/INFO]: /seed
[14:02:28] [Server thread/INFO]: /setblock <pos> <block> [destroy|keep|replace]
[14:02:28] [Server thread/INFO]: /spawnpoint [<targets>]
[14:02:28] [Server thread/INFO]: /setworldspawn [<pos>]
[14:02:28] [Server thread/INFO]: /spectate [<target>]
[14:02:28] [Server thread/INFO]: /spreadplayers <center> <spreadDistance> <maxRange> (<respectTeams>|under)
[14:02:28] [Server thread/INFO]: /stopsound <targets> [*|master|music|record|weather|block|hostile|neutral|player|ambient|voice]
[14:02:28] [Server thread/INFO]: /summon <entity> [<pos>]
[14:02:28] [Server thread/INFO]: /tag <targets> (add|remove|list)
[14:02:28] [Server thread/INFO]: /team (list|add|remove|empty|join|leave|modify)
[14:02:28] [Server thread/INFO]: /teammsg <message>
[14:02:28] [Server thread/INFO]: /tm -> teammsg
[14:02:28] [Server thread/INFO]: /teleport (<location>|<destination>|<targets>)
[14:02:28] [Server thread/INFO]: /tp -> teleport
[14:02:28] [Server thread/INFO]: /tellraw <targets> <message>
[14:02:28] [Server thread/INFO]: /tick (query|rate|step|sprint|unfreeze|freeze)
[14:02:28] [Server thread/INFO]: /time (set|add|query)
[14:02:28] [Server thread/INFO]: /title <targets> (clear|reset|title|subtitle|actionbar|times)
[14:02:28] [Server thread/INFO]: /trigger <objective> [add|set]
[14:02:28] [Server thread/INFO]: /weather (clear|rain|thunder)
[14:02:28] [Server thread/INFO]: /worldborder (add|set|center|damage|get|warning)
[14:02:28] [Server thread/INFO]: /jfr (start|stop)
[14:02:28] [Server thread/INFO]: /ban-ip <target> [<reason>]
[14:02:28] [Server thread/INFO]: /banlist [ips|players]
[14:02:28] [Server thread/INFO]: /ban <targets> [<reason>]
[14:02:28] [Server thread/INFO]: /deop <targets>
[14:02:28] [Server thread/INFO]: /op <targets>
[14:02:28] [Server thread/INFO]: /pardon <targets>
[14:02:28] [Server thread/INFO]: /pardon-ip <target>
[14:02:28] [Server thread/INFO]: /perf (start|stop)
[14:02:28] [Server thread/INFO]: /save-all [flush]
[14:02:28] [Server thread/INFO]: /save-off
[14:02:28] [Server thread/INFO]: /save-on
[14:02:28] [Server thread/INFO]: /setidletimeout <minutes>
[14:02:28] [Server thread/INFO]: /stop
[14:02:28] [Server thread/INFO]: /transfer <hostname> [<port>]
[14:02:28] [Server thread/INFO]: /whitelist (on|off|list|add|remove|reload)
[14:02:33] [Server thread/INFO]: Stopping the server
[14:02:33] [Server thread/INFO]: Stopping server
[14:02:33] [Server thread/INFO]: Saving players
[14:02:33] [Server thread/INFO]: Mayonesa_72 lost connection: Server closed
[14:02:33] [Server thread/INFO]: Mayonesa_72 left the game
[14:02:33] [Server thread/INFO]: Saving worlds
[14:02:33] [Server thread/INFO]: Saving chunks for level 'ServerLevel[world]'/minecraft:overworld
[14:02:34] [Server thread/INFO]: Saving chunks for level 'ServerLevel[world]'/minecraft:the_nether
[14:02:34] [Server thread/INFO]: Saving chunks for level 'ServerLevel[world]'/minecraft:the_end
[14:02:34] [Server thread/INFO]: ThreadedAnvilChunkStorage (world): All chunks are saved
[14:02:34] [Server thread/INFO]: ThreadedAnvilChunkStorage (DIM-1): All chunks are saved
[14:02:34] [Server thread/INFO]: ThreadedAnvilChunkStorage (DIM1): All chunks are saved
[14:02:34] [Server thread/INFO]: ThreadedAnvilChunkStorage: All dimensions are saved
